Flow report for alu16bit
Mon May 31 13:46:12 2021
Quartus Prime Version 19.1.0 Build 670 09/22/2019 SJ Lite Edition


---------------------
; Table of Contents ;
---------------------
  1. Legal Notice
  2. Flow Summary
  3. Flow Settings
  4. Flow Non-Default Global Settings
  5. Flow Elapsed Time
  6. Flow OS Summary
  7. Flow Log
  8. Flow Messages
  9. Flow Suppressed Messages



----------------
; Legal Notice ;
----------------
Copyright (C) 2019  Intel Corporation. All rights reserved.
Your use of Intel Corporation's design tools, logic functions 
and other software and tools, and any partner logic 
functions, and any output files from any of the foregoing 
(including device programming or simulation files), and any 
associated documentation or information are expressly subject 
to the terms and conditions of the Intel Program License 
Subscription Agreement, the Intel Quartus Prime License Agreement,
the Intel FPGA IP License Agreement, or other applicable license
agreement, including, without limitation, that your use is for
the sole purpose of programming logic devices manufactured by
Intel and sold by Intel or its authorized distributors.  Please
refer to the applicable agreement for further details, at
https://fpgasoftware.intel.com/eula.



+---------------------------------------------------------------------+
; Flow Summary                                                        ;
+-----------------------+---------------------------------------------+
; Flow Status           ; Successful - Mon May 31 13:46:12 2021       ;
; Quartus Prime Version ; 19.1.0 Build 670 09/22/2019 SJ Lite Edition ;
; Revision Name         ; alu16bit                                    ;
; Top-level Entity Name ; alu16bit                                    ;
; Family                ; MAX V                                       ;
; Total logic elements  ; 83 / 160 ( 52 % )                           ;
; Total pins            ; 52 / 79 ( 66 % )                            ;
; Total virtual pins    ; 0                                           ;
; UFM blocks            ; 0 / 1 ( 0 % )                               ;
; Device                ; 5M160ZT100C4                                ;
; Timing Models         ; Final                                       ;
+-----------------------+---------------------------------------------+


+-----------------------------------------+
; Flow Settings                           ;
+-------------------+---------------------+
; Option            ; Setting             ;
+-------------------+---------------------+
; Start date & time ; 05/31/2021 13:33:54 ;
; Main task         ; Compilation         ;
; Revision Name     ; alu16bit            ;
+-------------------+---------------------+


+------------------------------------------------------------------------------------------------------------------------------------+
; Flow Non-Default Global Settings                                                                                                   ;
+---------------------------------+--------------------------------+---------------+-------------+-----------------------------------+
; Assignment Name                 ; Value                          ; Default Value ; Entity Name ; Section Id                        ;
+---------------------------------+--------------------------------+---------------+-------------+-----------------------------------+
; COMPILER_SIGNATURE_ID           ; 31288972391855.162245723415020 ; --            ; --          ; --                                ;
; EDA_GENERATE_FUNCTIONAL_NETLIST ; Off                            ; --            ; --          ; eda_board_design_timing           ;
; EDA_GENERATE_FUNCTIONAL_NETLIST ; Off                            ; --            ; --          ; eda_board_design_boundary_scan    ;
; EDA_GENERATE_FUNCTIONAL_NETLIST ; Off                            ; --            ; --          ; eda_board_design_signal_integrity ;
; EDA_GENERATE_FUNCTIONAL_NETLIST ; Off                            ; --            ; --          ; eda_board_design_symbol           ;
; EDA_OUTPUT_DATA_FORMAT          ; Vhdl                           ; --            ; --          ; eda_simulation                    ;
; EDA_SIMULATION_TOOL             ; ModelSim-Altera (VHDL)         ; <None>        ; --          ; --                                ;
; EDA_TIME_SCALE                  ; 1 ps                           ; --            ; --          ; eda_simulation                    ;
; PROJECT_OUTPUT_DIRECTORY        ; output_files                   ; --            ; --          ; --                                ;
+---------------------------------+--------------------------------+---------------+-------------+-----------------------------------+


+--------------------------------------------------------------------------------------------------------------------------+
; Flow Elapsed Time                                                                                                        ;
+----------------------+--------------+-------------------------+---------------------+------------------------------------+
; Module Name          ; Elapsed Time ; Average Processors Used ; Peak Virtual Memory ; Total CPU Time (on all processors) ;
+----------------------+--------------+-------------------------+---------------------+------------------------------------+
; Analysis & Synthesis ; 00:00:41     ; 1.0                     ; 4770 MB             ; 00:01:03                           ;
; Fitter               ; 00:00:09     ; 1.0                     ; 5074 MB             ; 00:00:04                           ;
; Assembler            ; 00:00:05     ; 1.0                     ; 4662 MB             ; 00:00:01                           ;
; Timing Analyzer      ; 00:00:02     ; 1.0                     ; 4659 MB             ; 00:00:02                           ;
; EDA Netlist Writer   ; 00:00:02     ; 1.0                     ; 4618 MB             ; 00:00:02                           ;
; EDA Netlist Writer   ; 00:00:01     ; 1.0                     ; 4608 MB             ; 00:00:01                           ;
; EDA Netlist Writer   ; 00:00:01     ; 1.0                     ; 4617 MB             ; 00:00:01                           ;
; EDA Netlist Writer   ; 00:00:01     ; 1.0                     ; 4608 MB             ; 00:00:01                           ;
; EDA Netlist Writer   ; 00:00:01     ; 1.0                     ; 4617 MB             ; 00:00:01                           ;
; EDA Netlist Writer   ; 00:00:01     ; 1.0                     ; 4608 MB             ; 00:00:01                           ;
; EDA Netlist Writer   ; 00:00:01     ; 1.0                     ; 4617 MB             ; 00:00:01                           ;
; EDA Netlist Writer   ; 00:00:01     ; 1.0                     ; 4608 MB             ; 00:00:01                           ;
; EDA Netlist Writer   ; 00:00:01     ; 1.0                     ; 4617 MB             ; 00:00:01                           ;
; EDA Netlist Writer   ; 00:00:02     ; 1.0                     ; 4608 MB             ; 00:00:01                           ;
; EDA Netlist Writer   ; 00:00:02     ; 1.0                     ; 4617 MB             ; 00:00:01                           ;
; EDA Netlist Writer   ; 00:00:01     ; 1.0                     ; 4608 MB             ; 00:00:01                           ;
; EDA Netlist Writer   ; 00:00:02     ; 1.0                     ; 4617 MB             ; 00:00:01                           ;
; EDA Netlist Writer   ; 00:00:02     ; 1.0                     ; 4608 MB             ; 00:00:01                           ;
; EDA Netlist Writer   ; 00:00:02     ; 1.0                     ; 4617 MB             ; 00:00:01                           ;
; Total                ; 00:01:18     ; --                      ; --                  ; 00:01:26                           ;
+----------------------+--------------+-------------------------+---------------------+------------------------------------+


+------------------------------------------------------------------------------------+
; Flow OS Summary                                                                    ;
+----------------------+------------------+------------+------------+----------------+
; Module Name          ; Machine Hostname ; OS Name    ; OS Version ; Processor type ;
+----------------------+------------------+------------+------------+----------------+
; Analysis & Synthesis ; DESKTOP-ALU5QR4  ; Windows 10 ; 10.0       ; x86_64         ;
; Fitter               ; DESKTOP-ALU5QR4  ; Windows 10 ; 10.0       ; x86_64         ;
; Assembler            ; DESKTOP-ALU5QR4  ; Windows 10 ; 10.0       ; x86_64         ;
; Timing Analyzer      ; DESKTOP-ALU5QR4  ; Windows 10 ; 10.0       ; x86_64         ;
; EDA Netlist Writer   ; DESKTOP-ALU5QR4  ; Windows 10 ; 10.0       ; x86_64         ;
; EDA Netlist Writer   ; DESKTOP-ALU5QR4  ; Windows 10 ; 10.0       ; x86_64         ;
; EDA Netlist Writer   ; DESKTOP-ALU5QR4  ; Windows 10 ; 10.0       ; x86_64         ;
; EDA Netlist Writer   ; DESKTOP-ALU5QR4  ; Windows 10 ; 10.0       ; x86_64         ;
; EDA Netlist Writer   ; DESKTOP-ALU5QR4  ; Windows 10 ; 10.0       ; x86_64         ;
; EDA Netlist Writer   ; DESKTOP-ALU5QR4  ; Windows 10 ; 10.0       ; x86_64         ;
; EDA Netlist Writer   ; DESKTOP-ALU5QR4  ; Windows 10 ; 10.0       ; x86_64         ;
; EDA Netlist Writer   ; DESKTOP-ALU5QR4  ; Windows 10 ; 10.0       ; x86_64         ;
; EDA Netlist Writer   ; DESKTOP-ALU5QR4  ; Windows 10 ; 10.0       ; x86_64         ;
; EDA Netlist Writer   ; DESKTOP-ALU5QR4  ; Windows 10 ; 10.0       ; x86_64         ;
; EDA Netlist Writer   ; DESKTOP-ALU5QR4  ; Windows 10 ; 10.0       ; x86_64         ;
; EDA Netlist Writer   ; DESKTOP-ALU5QR4  ; Windows 10 ; 10.0       ; x86_64         ;
; EDA Netlist Writer   ; DESKTOP-ALU5QR4  ; Windows 10 ; 10.0       ; x86_64         ;
; EDA Netlist Writer   ; DESKTOP-ALU5QR4  ; Windows 10 ; 10.0       ; x86_64         ;
; EDA Netlist Writer   ; DESKTOP-ALU5QR4  ; Windows 10 ; 10.0       ; x86_64         ;
+----------------------+------------------+------------+------------+----------------+


------------
; Flow Log ;
------------
quartus_map --read_settings_files=on --write_settings_files=off alu16bit -c alu16bit
quartus_fit --read_settings_files=off --write_settings_files=off alu16bit -c alu16bit
quartus_asm --read_settings_files=off --write_settings_files=off alu16bit -c alu16bit
quartus_sta alu16bit -c alu16bit
quartus_eda --read_settings_files=off --write_settings_files=off alu16bit -c alu16bit
quartus_eda --gen_testbench --tool=modelsim_oem --format=vhdl --write_settings_files=off alu16bit -c alu16bit --vector_source=C:/Users/user/Desktop/DSD-067/part2/ADD.vwf --testbench_file=C:/Users/user/Desktop/DSD-067/part2/simulation/qsim/ADD.vwf.vht
quartus_eda --write_settings_files=off --simulation=on --functional=on --flatten_buses=off --tool=modelsim_oem --format=vhdl --output_directory=C:/Users/user/Desktop/DSD-067/part2/simulation/qsim/ alu16bit -c alu16bit
quartus_eda --gen_testbench --tool=modelsim_oem --format=vhdl --write_settings_files=off alu16bit -c alu16bit --vector_source=C:/Users/user/Desktop/DSD-067/part2/AND.vwf --testbench_file=C:/Users/user/Desktop/DSD-067/part2/simulation/qsim/AND.vwf.vht
quartus_eda --write_settings_files=off --simulation=on --functional=on --flatten_buses=off --tool=modelsim_oem --format=vhdl --output_directory=C:/Users/user/Desktop/DSD-067/part2/simulation/qsim/ alu16bit -c alu16bit
quartus_eda --gen_testbench --tool=modelsim_oem --format=vhdl --write_settings_files=off alu16bit -c alu16bit --vector_source=C:/Users/user/Desktop/DSD-067/part2/NAND.vwf --testbench_file=C:/Users/user/Desktop/DSD-067/part2/simulation/qsim/NAND.vwf.vht
quartus_eda --write_settings_files=off --simulation=on --functional=on --flatten_buses=off --tool=modelsim_oem --format=vhdl --output_directory=C:/Users/user/Desktop/DSD-067/part2/simulation/qsim/ alu16bit -c alu16bit
quartus_eda --gen_testbench --tool=modelsim_oem --format=vhdl --write_settings_files=off alu16bit -c alu16bit --vector_source=C:/Users/user/Desktop/DSD-067/part2/NOR.vwf --testbench_file=C:/Users/user/Desktop/DSD-067/part2/simulation/qsim/NOR.vwf.vht
quartus_eda --write_settings_files=off --simulation=on --functional=on --flatten_buses=off --tool=modelsim_oem --format=vhdl --output_directory=C:/Users/user/Desktop/DSD-067/part2/simulation/qsim/ alu16bit -c alu16bit
quartus_eda --gen_testbench --tool=modelsim_oem --format=vhdl --write_settings_files=off alu16bit -c alu16bit --vector_source=C:/Users/user/Desktop/DSD-067/part2/OR.vwf --testbench_file=C:/Users/user/Desktop/DSD-067/part2/simulation/qsim/OR.vwf.vht
quartus_eda --write_settings_files=off --simulation=on --functional=on --flatten_buses=off --tool=modelsim_oem --format=vhdl --output_directory=C:/Users/user/Desktop/DSD-067/part2/simulation/qsim/ alu16bit -c alu16bit
quartus_eda --gen_testbench --tool=modelsim_oem --format=vhdl --write_settings_files=off alu16bit -c alu16bit --vector_source=C:/Users/user/Desktop/DSD-067/part2/SUB.vwf --testbench_file=C:/Users/user/Desktop/DSD-067/part2/simulation/qsim/SUB.vwf.vht
quartus_eda --write_settings_files=off --simulation=on --functional=on --flatten_buses=off --tool=modelsim_oem --format=vhdl --output_directory=C:/Users/user/Desktop/DSD-067/part2/simulation/qsim/ alu16bit -c alu16bit
quartus_eda --gen_testbench --tool=modelsim_oem --format=vhdl --write_settings_files=off alu16bit -c alu16bit --vector_source=C:/Users/user/Desktop/DSD-067/part2/XOR.vwf --testbench_file=C:/Users/user/Desktop/DSD-067/part2/simulation/qsim/XOR.vwf.vht
quartus_eda --write_settings_files=off --simulation=on --functional=on --flatten_buses=off --tool=modelsim_oem --format=vhdl --output_directory=C:/Users/user/Desktop/DSD-067/part2/simulation/qsim/ alu16bit -c alu16bit



