Analysis & Synthesis report for alu16bit
Mon May 31 13:34:33 2021
Quartus Prime Version 19.1.0 Build 670 09/22/2019 SJ Lite Edition


---------------------
; Table of Contents ;
---------------------
  1. Legal Notice
  2. Analysis & Synthesis Summary
  3. Analysis & Synthesis Settings
  4. Parallel Compilation
  5. Analysis & Synthesis Source Files Read
  6. Analysis & Synthesis Resource Usage Summary
  7. Analysis & Synthesis Resource Utilization by Entity
  8. General Register Statistics
  9. Multiplexer Restructuring Statistics (Restructuring Performed)
 10. Analysis & Synthesis Messages



----------------
; Legal Notice ;
----------------
Copyright (C) 2019  Intel Corporation. All rights reserved.
Your use of Intel Corporation's design tools, logic functions 
and other software and tools, and any partner logic 
functions, and any output files from any of the foregoing 
(including device programming or simulation files), and any 
associated documentation or information are expressly subject 
to the terms and conditions of the Intel Program License 
Subscription Agreement, the Intel Quartus Prime License Agreement,
the Intel FPGA IP License Agreement, or other applicable license
agreement, including, without limitation, that your use is for
the sole purpose of programming logic devices manufactured by
Intel and sold by Intel or its authorized distributors.  Please
refer to the applicable agreement for further details, at
https://fpgasoftware.intel.com/eula.



+---------------------------------------------------------------------------+
; Analysis & Synthesis Summary                                              ;
+-----------------------------+---------------------------------------------+
; Analysis & Synthesis Status ; Successful - Mon May 31 13:34:33 2021       ;
; Quartus Prime Version       ; 19.1.0 Build 670 09/22/2019 SJ Lite Edition ;
; Revision Name               ; alu16bit                                    ;
; Top-level Entity Name       ; alu16bit                                    ;
; Family                      ; MAX V                                       ;
; Total logic elements        ; 83                                          ;
; Total pins                  ; 52                                          ;
; Total virtual pins          ; 0                                           ;
; UFM blocks                  ; 0 / 1 ( 0 % )                               ;
+-----------------------------+---------------------------------------------+


+------------------------------------------------------------------------------------------------------------+
; Analysis & Synthesis Settings                                                                              ;
+------------------------------------------------------------------+--------------------+--------------------+
; Option                                                           ; Setting            ; Default Value      ;
+------------------------------------------------------------------+--------------------+--------------------+
; Top-level entity name                                            ; alu16bit           ; alu16bit           ;
; Family name                                                      ; MAX V              ; Cyclone V          ;
; Use smart compilation                                            ; Off                ; Off                ;
; Enable parallel Assembler and Timing Analyzer during compilation ; On                 ; On                 ;
; Enable compact report table                                      ; Off                ; Off                ;
; Restructure Multiplexers                                         ; Auto               ; Auto               ;
; Create Debugging Nodes for IP Cores                              ; Off                ; Off                ;
; Preserve fewer node names                                        ; On                 ; On                 ;
; Intel FPGA IP Evaluation Mode                                    ; Enable             ; Enable             ;
; Verilog Version                                                  ; Verilog_2001       ; Verilog_2001       ;
; VHDL Version                                                     ; VHDL_1993          ; VHDL_1993          ;
; State Machine Processing                                         ; Auto               ; Auto               ;
; Safe State Machine                                               ; Off                ; Off                ;
; Extract Verilog State Machines                                   ; On                 ; On                 ;
; Extract VHDL State Machines                                      ; On                 ; On                 ;
; Ignore Verilog initial constructs                                ; Off                ; Off                ;
; Iteration limit for constant Verilog loops                       ; 5000               ; 5000               ;
; Iteration limit for non-constant Verilog loops                   ; 250                ; 250                ;
; Add Pass-Through Logic to Inferred RAMs                          ; On                 ; On                 ;
; Infer RAMs from Raw Logic                                        ; On                 ; On                 ;
; Parallel Synthesis                                               ; On                 ; On                 ;
; NOT Gate Push-Back                                               ; On                 ; On                 ;
; Power-Up Don't Care                                              ; On                 ; On                 ;
; Remove Redundant Logic Cells                                     ; Off                ; Off                ;
; Remove Duplicate Registers                                       ; On                 ; On                 ;
; Ignore CARRY Buffers                                             ; Off                ; Off                ;
; Ignore CASCADE Buffers                                           ; Off                ; Off                ;
; Ignore GLOBAL Buffers                                            ; Off                ; Off                ;
; Ignore ROW GLOBAL Buffers                                        ; Off                ; Off                ;
; Ignore LCELL Buffers                                             ; Off                ; Off                ;
; Ignore SOFT Buffers                                              ; On                 ; On                 ;
; Limit AHDL Integers to 32 Bits                                   ; Off                ; Off                ;
; Optimization Technique                                           ; Balanced           ; Balanced           ;
; Carry Chain Length                                               ; 70                 ; 70                 ;
; Auto Carry Chains                                                ; On                 ; On                 ;
; Auto Open-Drain Pins                                             ; On                 ; On                 ;
; Perform WYSIWYG Primitive Resynthesis                            ; Off                ; Off                ;
; Auto Shift Register Replacement                                  ; Auto               ; Auto               ;
; Allow Shift Register Merging across Hierarchies                  ; Auto               ; Auto               ;
; Auto Clock Enable Replacement                                    ; On                 ; On                 ;
; Allow Synchronous Control Signals                                ; On                 ; On                 ;
; Force Use of Synchronous Clear Signals                           ; Off                ; Off                ;
; Auto Resource Sharing                                            ; Off                ; Off                ;
; Use LogicLock Constraints during Resource Balancing              ; On                 ; On                 ;
; Ignore translate_off and synthesis_off directives                ; Off                ; Off                ;
; Report Parameter Settings                                        ; On                 ; On                 ;
; Report Source Assignments                                        ; On                 ; On                 ;
; Report Connectivity Checks                                       ; On                 ; On                 ;
; Ignore Maximum Fan-Out Assignments                               ; Off                ; Off                ;
; Synchronization Register Chain Length                            ; 2                  ; 2                  ;
; Power Optimization During Synthesis                              ; Normal compilation ; Normal compilation ;
; HDL message level                                                ; Level2             ; Level2             ;
; Suppress Register Optimization Related Messages                  ; Off                ; Off                ;
; Number of Removed Registers Reported in Synthesis Report         ; 5000               ; 5000               ;
; Number of Swept Nodes Reported in Synthesis Report               ; 5000               ; 5000               ;
; Number of Inverted Registers Reported in Synthesis Report        ; 100                ; 100                ;
; Clock MUX Protection                                             ; On                 ; On                 ;
; Block Design Naming                                              ; Auto               ; Auto               ;
; Synthesis Effort                                                 ; Auto               ; Auto               ;
; Shift Register Replacement - Allow Asynchronous Clear Signal     ; On                 ; On                 ;
; Analysis & Synthesis Message Level                               ; Medium             ; Medium             ;
; Disable Register Merging Across Hierarchies                      ; Auto               ; Auto               ;
+------------------------------------------------------------------+--------------------+--------------------+


+------------------------------------------+
; Parallel Compilation                     ;
+----------------------------+-------------+
; Processors                 ; Number      ;
+----------------------------+-------------+
; Number detected on machine ; 4           ;
; Maximum allowed            ; 2           ;
;                            ;             ;
; Average used               ; 1.00        ;
; Maximum used               ; 1           ;
;                            ;             ;
; Usage by Processor         ; % Time Used ;
;     Processor 1            ; 100.0%      ;
+----------------------------+-------------+


+--------------------------------------------------------------------------------------------------------------------------------------+
; Analysis & Synthesis Source Files Read                                                                                               ;
+----------------------------------+-----------------+-----------------+-----------------------------------------------------+---------+
; File Name with User-Entered Path ; Used in Netlist ; File Type       ; File Name with Absolute Path                        ; Library ;
+----------------------------------+-----------------+-----------------+-----------------------------------------------------+---------+
; alu16bit.vhd                     ; yes             ; User VHDL File  ; C:/Users/user/Desktop/DSD-067/part2/alu16bit.vhd    ;         ;
; components2.vhd                  ; yes             ; User VHDL File  ; C:/Users/user/Desktop/DSD-067/part2/components2.vhd ;         ;
; alu1comp.vhd                     ; yes             ; User VHDL File  ; C:/Users/user/Desktop/DSD-067/part2/alu1comp.vhd    ;         ;
+----------------------------------+-----------------+-----------------+-----------------------------------------------------+---------+


+---------------------------------------------------------+
; Analysis & Synthesis Resource Usage Summary             ;
+---------------------------------------------+-----------+
; Resource                                    ; Usage     ;
+---------------------------------------------+-----------+
; Total logic elements                        ; 83        ;
;     -- Combinational with no register       ; 83        ;
;     -- Register only                        ; 0         ;
;     -- Combinational with a register        ; 0         ;
;                                             ;           ;
; Logic element usage by number of LUT inputs ;           ;
;     -- 4 input functions                    ; 49        ;
;     -- 3 input functions                    ; 34        ;
;     -- 2 input functions                    ; 0         ;
;     -- 1 input functions                    ; 0         ;
;     -- 0 input functions                    ; 0         ;
;                                             ;           ;
; Logic elements by mode                      ;           ;
;     -- normal mode                          ; 83        ;
;     -- arithmetic mode                      ; 0         ;
;     -- qfbk mode                            ; 0         ;
;     -- register cascade mode                ; 0         ;
;     -- synchronous clear/load mode          ; 0         ;
;     -- asynchronous clear/load mode         ; 0         ;
;                                             ;           ;
; Total registers                             ; 0         ;
; I/O pins                                    ; 52        ;
; Maximum fan-out node                        ; opcode[1] ;
; Maximum fan-out                             ; 37        ;
; Total fan-out                               ; 315       ;
; Average fan-out                             ; 2.33      ;
+---------------------------------------------+-----------+


+---------------------------------------------------------------------------------------------------------------------------------------------------------------------------------------------------------------------------------------------------------+
; Analysis & Synthesis Resource Utilization by Entity                                                                                                                                                                                                     ;
+----------------------------+-------------+--------------+------------+------+--------------+--------------+-------------------+------------------+-----------------+------------+---------------------------------------+----------------+--------------+
; Compilation Hierarchy Node ; Logic Cells ; LC Registers ; UFM Blocks ; Pins ; Virtual Pins ; LUT-Only LCs ; Register-Only LCs ; LUT/Register LCs ; Carry Chain LCs ; Packed LCs ; Full Hierarchy Name                   ; Entity Name    ; Library Name ;
+----------------------------+-------------+--------------+------------+------+--------------+--------------+-------------------+------------------+-----------------+------------+---------------------------------------+----------------+--------------+
; |alu16bit                  ; 83 (1)      ; 0            ; 0          ; 52   ; 0            ; 83 (1)       ; 0 (0)             ; 0 (0)            ; 0 (0)           ; 0 (0)      ; |alu16bit                             ; alu16bit       ; work         ;
;    |ControlCircuit:a1|     ; 3 (3)       ; 0            ; 0          ; 0    ; 0            ; 3 (3)        ; 0 (0)             ; 0 (0)            ; 0 (0)           ; 0 (0)      ; |alu16bit|ControlCircuit:a1           ; ControlCircuit ; work         ;
;    |alu1bit:ALU0|          ; 5 (0)       ; 0            ; 0          ; 0    ; 0            ; 5 (0)        ; 0 (0)             ; 0 (0)            ; 0 (0)           ; 0 (0)      ; |alu16bit|alu1bit:ALU0                ; alu1bit        ; work         ;
;       |FullAdder:u6|       ; 2 (2)       ; 0            ; 0          ; 0    ; 0            ; 2 (2)        ; 0 (0)             ; 0 (0)            ; 0 (0)           ; 0 (0)      ; |alu16bit|alu1bit:ALU0|FullAdder:u6   ; FullAdder      ; work         ;
;       |mux4to1:u8|         ; 3 (3)       ; 0            ; 0          ; 0    ; 0            ; 3 (3)        ; 0 (0)             ; 0 (0)            ; 0 (0)           ; 0 (0)      ; |alu16bit|alu1bit:ALU0|mux4to1:u8     ; mux4to1        ; work         ;
;    |alu1bit:ALU10|         ; 5 (0)       ; 0            ; 0          ; 0    ; 0            ; 5 (0)        ; 0 (0)             ; 0 (0)            ; 0 (0)           ; 0 (0)      ; |alu16bit|alu1bit:ALU10               ; alu1bit        ; work         ;
;       |FullAdder:u6|       ; 2 (2)       ; 0            ; 0          ; 0    ; 0            ; 2 (2)        ; 0 (0)             ; 0 (0)            ; 0 (0)           ; 0 (0)      ; |alu16bit|alu1bit:ALU10|FullAdder:u6  ; FullAdder      ; work         ;
;       |mux4to1:u8|         ; 2 (2)       ; 0            ; 0          ; 0    ; 0            ; 2 (2)        ; 0 (0)             ; 0 (0)            ; 0 (0)           ; 0 (0)      ; |alu16bit|alu1bit:ALU10|mux4to1:u8    ; mux4to1        ; work         ;
;       |mymux2to1b:u3|      ; 1 (1)       ; 0            ; 0          ; 0    ; 0            ; 1 (1)        ; 0 (0)             ; 0 (0)            ; 0 (0)           ; 0 (0)      ; |alu16bit|alu1bit:ALU10|mymux2to1b:u3 ; mymux2to1b     ; work         ;
;    |alu1bit:ALU11|         ; 5 (0)       ; 0            ; 0          ; 0    ; 0            ; 5 (0)        ; 0 (0)             ; 0 (0)            ; 0 (0)           ; 0 (0)      ; |alu16bit|alu1bit:ALU11               ; alu1bit        ; work         ;
;       |FullAdder:u6|       ; 2 (2)       ; 0            ; 0          ; 0    ; 0            ; 2 (2)        ; 0 (0)             ; 0 (0)            ; 0 (0)           ; 0 (0)      ; |alu16bit|alu1bit:ALU11|FullAdder:u6  ; FullAdder      ; work         ;
;       |mux4to1:u8|         ; 2 (2)       ; 0            ; 0          ; 0    ; 0            ; 2 (2)        ; 0 (0)             ; 0 (0)            ; 0 (0)           ; 0 (0)      ; |alu16bit|alu1bit:ALU11|mux4to1:u8    ; mux4to1        ; work         ;
;       |mymux2to1b:u3|      ; 1 (1)       ; 0            ; 0          ; 0    ; 0            ; 1 (1)        ; 0 (0)             ; 0 (0)            ; 0 (0)           ; 0 (0)      ; |alu16bit|alu1bit:ALU11|mymux2to1b:u3 ; mymux2to1b     ; work         ;
;    |alu1bit:ALU12|         ; 5 (0)       ; 0            ; 0          ; 0    ; 0            ; 5 (0)        ; 0 (0)             ; 0 (0)            ; 0 (0)           ; 0 (0)      ; |alu16bit|alu1bit:ALU12               ; alu1bit        ; work         ;
;       |FullAdder:u6|       ; 2 (2)       ; 0            ; 0          ; 0    ; 0            ; 2 (2)        ; 0 (0)             ; 0 (0)            ; 0 (0)           ; 0 (0)      ; |alu16bit|alu1bit:ALU12|FullAdder:u6  ; FullAdder      ; work         ;
;       |mux4to1:u8|         ; 2 (2)       ; 0            ; 0          ; 0    ; 0            ; 2 (2)        ; 0 (0)             ; 0 (0)            ; 0 (0)           ; 0 (0)      ; |alu16bit|alu1bit:ALU12|mux4to1:u8    ; mux4to1        ; work         ;
;       |mymux2to1b:u3|      ; 1 (1)       ; 0            ; 0          ; 0    ; 0            ; 1 (1)        ; 0 (0)             ; 0 (0)            ; 0 (0)           ; 0 (0)      ; |alu16bit|alu1bit:ALU12|mymux2to1b:u3 ; mymux2to1b     ; work         ;
;    |alu1bit:ALU13|         ; 5 (0)       ; 0            ; 0          ; 0    ; 0            ; 5 (0)        ; 0 (0)             ; 0 (0)            ; 0 (0)           ; 0 (0)      ; |alu16bit|alu1bit:ALU13               ; alu1bit        ; work         ;
;       |FullAdder:u6|       ; 2 (2)       ; 0            ; 0          ; 0    ; 0            ; 2 (2)        ; 0 (0)             ; 0 (0)            ; 0 (0)           ; 0 (0)      ; |alu16bit|alu1bit:ALU13|FullAdder:u6  ; FullAdder      ; work         ;
;       |mux4to1:u8|         ; 2 (2)       ; 0            ; 0          ; 0    ; 0            ; 2 (2)        ; 0 (0)             ; 0 (0)            ; 0 (0)           ; 0 (0)      ; |alu16bit|alu1bit:ALU13|mux4to1:u8    ; mux4to1        ; work         ;
;       |mymux2to1b:u3|      ; 1 (1)       ; 0            ; 0          ; 0    ; 0            ; 1 (1)        ; 0 (0)             ; 0 (0)            ; 0 (0)           ; 0 (0)      ; |alu16bit|alu1bit:ALU13|mymux2to1b:u3 ; mymux2to1b     ; work         ;
;    |alu1bit:ALU14|         ; 5 (0)       ; 0            ; 0          ; 0    ; 0            ; 5 (0)        ; 0 (0)             ; 0 (0)            ; 0 (0)           ; 0 (0)      ; |alu16bit|alu1bit:ALU14               ; alu1bit        ; work         ;
;       |FullAdder:u6|       ; 2 (2)       ; 0            ; 0          ; 0    ; 0            ; 2 (2)        ; 0 (0)             ; 0 (0)            ; 0 (0)           ; 0 (0)      ; |alu16bit|alu1bit:ALU14|FullAdder:u6  ; FullAdder      ; work         ;
;       |mux4to1:u8|         ; 2 (2)       ; 0            ; 0          ; 0    ; 0            ; 2 (2)        ; 0 (0)             ; 0 (0)            ; 0 (0)           ; 0 (0)      ; |alu16bit|alu1bit:ALU14|mux4to1:u8    ; mux4to1        ; work         ;
;       |mymux2to1b:u3|      ; 1 (1)       ; 0            ; 0          ; 0    ; 0            ; 1 (1)        ; 0 (0)             ; 0 (0)            ; 0 (0)           ; 0 (0)      ; |alu16bit|alu1bit:ALU14|mymux2to1b:u3 ; mymux2to1b     ; work         ;
;    |alu1bit:ALU15|         ; 4 (0)       ; 0            ; 0          ; 0    ; 0            ; 4 (0)        ; 0 (0)             ; 0 (0)            ; 0 (0)           ; 0 (0)      ; |alu16bit|alu1bit:ALU15               ; alu1bit        ; work         ;
;       |FullAdder:u6|       ; 1 (1)       ; 0            ; 0          ; 0    ; 0            ; 1 (1)        ; 0 (0)             ; 0 (0)            ; 0 (0)           ; 0 (0)      ; |alu16bit|alu1bit:ALU15|FullAdder:u6  ; FullAdder      ; work         ;
;       |mux4to1:u8|         ; 2 (2)       ; 0            ; 0          ; 0    ; 0            ; 2 (2)        ; 0 (0)             ; 0 (0)            ; 0 (0)           ; 0 (0)      ; |alu16bit|alu1bit:ALU15|mux4to1:u8    ; mux4to1        ; work         ;
;       |mymux2to1b:u3|      ; 1 (1)       ; 0            ; 0          ; 0    ; 0            ; 1 (1)        ; 0 (0)             ; 0 (0)            ; 0 (0)           ; 0 (0)      ; |alu16bit|alu1bit:ALU15|mymux2to1b:u3 ; mymux2to1b     ; work         ;
;    |alu1bit:ALU1|          ; 5 (0)       ; 0            ; 0          ; 0    ; 0            ; 5 (0)        ; 0 (0)             ; 0 (0)            ; 0 (0)           ; 0 (0)      ; |alu16bit|alu1bit:ALU1                ; alu1bit        ; work         ;
;       |FullAdder:u6|       ; 2 (2)       ; 0            ; 0          ; 0    ; 0            ; 2 (2)        ; 0 (0)             ; 0 (0)            ; 0 (0)           ; 0 (0)      ; |alu16bit|alu1bit:ALU1|FullAdder:u6   ; FullAdder      ; work         ;
;       |mux4to1:u8|         ; 2 (2)       ; 0            ; 0          ; 0    ; 0            ; 2 (2)        ; 0 (0)             ; 0 (0)            ; 0 (0)           ; 0 (0)      ; |alu16bit|alu1bit:ALU1|mux4to1:u8     ; mux4to1        ; work         ;
;       |mymux2to1b:u3|      ; 1 (1)       ; 0            ; 0          ; 0    ; 0            ; 1 (1)        ; 0 (0)             ; 0 (0)            ; 0 (0)           ; 0 (0)      ; |alu16bit|alu1bit:ALU1|mymux2to1b:u3  ; mymux2to1b     ; work         ;
;    |alu1bit:ALU2|          ; 5 (0)       ; 0            ; 0          ; 0    ; 0            ; 5 (0)        ; 0 (0)             ; 0 (0)            ; 0 (0)           ; 0 (0)      ; |alu16bit|alu1bit:ALU2                ; alu1bit        ; work         ;
;       |FullAdder:u6|       ; 2 (2)       ; 0            ; 0          ; 0    ; 0            ; 2 (2)        ; 0 (0)             ; 0 (0)            ; 0 (0)           ; 0 (0)      ; |alu16bit|alu1bit:ALU2|FullAdder:u6   ; FullAdder      ; work         ;
;       |mux4to1:u8|         ; 2 (2)       ; 0            ; 0          ; 0    ; 0            ; 2 (2)        ; 0 (0)             ; 0 (0)            ; 0 (0)           ; 0 (0)      ; |alu16bit|alu1bit:ALU2|mux4to1:u8     ; mux4to1        ; work         ;
;       |mymux2to1b:u3|      ; 1 (1)       ; 0            ; 0          ; 0    ; 0            ; 1 (1)        ; 0 (0)             ; 0 (0)            ; 0 (0)           ; 0 (0)      ; |alu16bit|alu1bit:ALU2|mymux2to1b:u3  ; mymux2to1b     ; work         ;
;    |alu1bit:ALU3|          ; 5 (0)       ; 0            ; 0          ; 0    ; 0            ; 5 (0)        ; 0 (0)             ; 0 (0)            ; 0 (0)           ; 0 (0)      ; |alu16bit|alu1bit:ALU3                ; alu1bit        ; work         ;
;       |FullAdder:u6|       ; 2 (2)       ; 0            ; 0          ; 0    ; 0            ; 2 (2)        ; 0 (0)             ; 0 (0)            ; 0 (0)           ; 0 (0)      ; |alu16bit|alu1bit:ALU3|FullAdder:u6   ; FullAdder      ; work         ;
;       |mux4to1:u8|         ; 2 (2)       ; 0            ; 0          ; 0    ; 0            ; 2 (2)        ; 0 (0)             ; 0 (0)            ; 0 (0)           ; 0 (0)      ; |alu16bit|alu1bit:ALU3|mux4to1:u8     ; mux4to1        ; work         ;
;       |mymux2to1b:u3|      ; 1 (1)       ; 0            ; 0          ; 0    ; 0            ; 1 (1)        ; 0 (0)             ; 0 (0)            ; 0 (0)           ; 0 (0)      ; |alu16bit|alu1bit:ALU3|mymux2to1b:u3  ; mymux2to1b     ; work         ;
;    |alu1bit:ALU4|          ; 5 (0)       ; 0            ; 0          ; 0    ; 0            ; 5 (0)        ; 0 (0)             ; 0 (0)            ; 0 (0)           ; 0 (0)      ; |alu16bit|alu1bit:ALU4                ; alu1bit        ; work         ;
;       |FullAdder:u6|       ; 2 (2)       ; 0            ; 0          ; 0    ; 0            ; 2 (2)        ; 0 (0)             ; 0 (0)            ; 0 (0)           ; 0 (0)      ; |alu16bit|alu1bit:ALU4|FullAdder:u6   ; FullAdder      ; work         ;
;       |mux4to1:u8|         ; 2 (2)       ; 0            ; 0          ; 0    ; 0            ; 2 (2)        ; 0 (0)             ; 0 (0)            ; 0 (0)           ; 0 (0)      ; |alu16bit|alu1bit:ALU4|mux4to1:u8     ; mux4to1        ; work         ;
;       |mymux2to1b:u3|      ; 1 (1)       ; 0            ; 0          ; 0    ; 0            ; 1 (1)        ; 0 (0)             ; 0 (0)            ; 0 (0)           ; 0 (0)      ; |alu16bit|alu1bit:ALU4|mymux2to1b:u3  ; mymux2to1b     ; work         ;
;    |alu1bit:ALU5|          ; 5 (0)       ; 0            ; 0          ; 0    ; 0            ; 5 (0)        ; 0 (0)             ; 0 (0)            ; 0 (0)           ; 0 (0)      ; |alu16bit|alu1bit:ALU5                ; alu1bit        ; work         ;
;       |FullAdder:u6|       ; 2 (2)       ; 0            ; 0          ; 0    ; 0            ; 2 (2)        ; 0 (0)             ; 0 (0)            ; 0 (0)           ; 0 (0)      ; |alu16bit|alu1bit:ALU5|FullAdder:u6   ; FullAdder      ; work         ;
;       |mux4to1:u8|         ; 2 (2)       ; 0            ; 0          ; 0    ; 0            ; 2 (2)        ; 0 (0)             ; 0 (0)            ; 0 (0)           ; 0 (0)      ; |alu16bit|alu1bit:ALU5|mux4to1:u8     ; mux4to1        ; work         ;
;       |mymux2to1b:u3|      ; 1 (1)       ; 0            ; 0          ; 0    ; 0            ; 1 (1)        ; 0 (0)             ; 0 (0)            ; 0 (0)           ; 0 (0)      ; |alu16bit|alu1bit:ALU5|mymux2to1b:u3  ; mymux2to1b     ; work         ;
;    |alu1bit:ALU6|          ; 5 (0)       ; 0            ; 0          ; 0    ; 0            ; 5 (0)        ; 0 (0)             ; 0 (0)            ; 0 (0)           ; 0 (0)      ; |alu16bit|alu1bit:ALU6                ; alu1bit        ; work         ;
;       |FullAdder:u6|       ; 2 (2)       ; 0            ; 0          ; 0    ; 0            ; 2 (2)        ; 0 (0)             ; 0 (0)            ; 0 (0)           ; 0 (0)      ; |alu16bit|alu1bit:ALU6|FullAdder:u6   ; FullAdder      ; work         ;
;       |mux4to1:u8|         ; 2 (2)       ; 0            ; 0          ; 0    ; 0            ; 2 (2)        ; 0 (0)             ; 0 (0)            ; 0 (0)           ; 0 (0)      ; |alu16bit|alu1bit:ALU6|mux4to1:u8     ; mux4to1        ; work         ;
;       |mymux2to1b:u3|      ; 1 (1)       ; 0            ; 0          ; 0    ; 0            ; 1 (1)        ; 0 (0)             ; 0 (0)            ; 0 (0)           ; 0 (0)      ; |alu16bit|alu1bit:ALU6|mymux2to1b:u3  ; mymux2to1b     ; work         ;
;    |alu1bit:ALU7|          ; 5 (0)       ; 0            ; 0          ; 0    ; 0            ; 5 (0)        ; 0 (0)             ; 0 (0)            ; 0 (0)           ; 0 (0)      ; |alu16bit|alu1bit:ALU7                ; alu1bit        ; work         ;
;       |FullAdder:u6|       ; 2 (2)       ; 0            ; 0          ; 0    ; 0            ; 2 (2)        ; 0 (0)             ; 0 (0)            ; 0 (0)           ; 0 (0)      ; |alu16bit|alu1bit:ALU7|FullAdder:u6   ; FullAdder      ; work         ;
;       |mux4to1:u8|         ; 2 (2)       ; 0            ; 0          ; 0    ; 0            ; 2 (2)        ; 0 (0)             ; 0 (0)            ; 0 (0)           ; 0 (0)      ; |alu16bit|alu1bit:ALU7|mux4to1:u8     ; mux4to1        ; work         ;
;       |mymux2to1b:u3|      ; 1 (1)       ; 0            ; 0          ; 0    ; 0            ; 1 (1)        ; 0 (0)             ; 0 (0)            ; 0 (0)           ; 0 (0)      ; |alu16bit|alu1bit:ALU7|mymux2to1b:u3  ; mymux2to1b     ; work         ;
;    |alu1bit:ALU8|          ; 5 (0)       ; 0            ; 0          ; 0    ; 0            ; 5 (0)        ; 0 (0)             ; 0 (0)            ; 0 (0)           ; 0 (0)      ; |alu16bit|alu1bit:ALU8                ; alu1bit        ; work         ;
;       |FullAdder:u6|       ; 2 (2)       ; 0            ; 0          ; 0    ; 0            ; 2 (2)        ; 0 (0)             ; 0 (0)            ; 0 (0)           ; 0 (0)      ; |alu16bit|alu1bit:ALU8|FullAdder:u6   ; FullAdder      ; work         ;
;       |mux4to1:u8|         ; 2 (2)       ; 0            ; 0          ; 0    ; 0            ; 2 (2)        ; 0 (0)             ; 0 (0)            ; 0 (0)           ; 0 (0)      ; |alu16bit|alu1bit:ALU8|mux4to1:u8     ; mux4to1        ; work         ;
;       |mymux2to1b:u3|      ; 1 (1)       ; 0            ; 0          ; 0    ; 0            ; 1 (1)        ; 0 (0)             ; 0 (0)            ; 0 (0)           ; 0 (0)      ; |alu16bit|alu1bit:ALU8|mymux2to1b:u3  ; mymux2to1b     ; work         ;
;    |alu1bit:ALU9|          ; 5 (0)       ; 0            ; 0          ; 0    ; 0            ; 5 (0)        ; 0 (0)             ; 0 (0)            ; 0 (0)           ; 0 (0)      ; |alu16bit|alu1bit:ALU9                ; alu1bit        ; work         ;
;       |FullAdder:u6|       ; 2 (2)       ; 0            ; 0          ; 0    ; 0            ; 2 (2)        ; 0 (0)             ; 0 (0)            ; 0 (0)           ; 0 (0)      ; |alu16bit|alu1bit:ALU9|FullAdder:u6   ; FullAdder      ; work         ;
;       |mux4to1:u8|         ; 2 (2)       ; 0            ; 0          ; 0    ; 0            ; 2 (2)        ; 0 (0)             ; 0 (0)            ; 0 (0)           ; 0 (0)      ; |alu16bit|alu1bit:ALU9|mux4to1:u8     ; mux4to1        ; work         ;
;       |mymux2to1b:u3|      ; 1 (1)       ; 0            ; 0          ; 0    ; 0            ; 1 (1)        ; 0 (0)             ; 0 (0)            ; 0 (0)           ; 0 (0)      ; |alu16bit|alu1bit:ALU9|mymux2to1b:u3  ; mymux2to1b     ; work         ;
+----------------------------+-------------+--------------+------------+------+--------------+--------------+-------------------+------------------+-----------------+------------+---------------------------------------+----------------+--------------+
Note: For table entries with two numbers listed, the numbers in parentheses indicate the number of resources of the given type used by the specific entity alone. The numbers listed outside of parentheses indicate the total resources of the given type used by the specific entity and all of its sub-entities in the hierarchy.


+------------------------------------------------------+
; General Register Statistics                          ;
+----------------------------------------------+-------+
; Statistic                                    ; Value ;
+----------------------------------------------+-------+
; Total registers                              ; 0     ;
; Number of registers using Synchronous Clear  ; 0     ;
; Number of registers using Synchronous Load   ; 0     ;
; Number of registers using Asynchronous Clear ; 0     ;
; Number of registers using Asynchronous Load  ; 0     ;
; Number of registers using Clock Enable       ; 0     ;
; Number of registers using Preset             ; 0     ;
+----------------------------------------------+-------+


+------------------------------------------------------------------------------------------------------------------------------------------------------+
; Multiplexer Restructuring Statistics (Restructuring Performed)                                                                                       ;
+--------------------+-----------+---------------+----------------------+------------------------+------------+----------------------------------------+
; Multiplexer Inputs ; Bus Width ; Baseline Area ; Area if Restructured ; Saving if Restructured ; Registered ; Example Multiplexer Output             ;
+--------------------+-----------+---------------+----------------------+------------------------+------------+----------------------------------------+
; 4:1                ; 16 bits   ; 32 LEs        ; 32 LEs               ; 0 LEs                  ; No         ; |alu16bit|alu1bit:ALU0|mux4to1:u8|Mux0 ;
+--------------------+-----------+---------------+----------------------+------------------------+------------+----------------------------------------+


+-------------------------------+
; Analysis & Synthesis Messages ;
+-------------------------------+
Info: *******************************************************************
Info: Running Quartus Prime Analysis & Synthesis
    Info: Version 19.1.0 Build 670 09/22/2019 SJ Lite Edition
    Info: Processing started: Mon May 31 13:33:52 2021
Info: Command: quartus_map --read_settings_files=on --write_settings_files=off alu16bit -c alu16bit
Warning (18236): Number of processors has not been specified which may cause overloading on shared machines.  Set the global assignment NUM_PARALLEL_PROCESSORS in your QSF to an appropriate value for best performance.
Info (20030): Parallel compilation is enabled and will use 2 of the 2 processors detected
Info (12021): Found 4 design units, including 2 entities, in source file alu16bit.vhd
    Info (12022): Found design unit 1: ControlCircuit-ArControlCircuit File: C:/Users/user/Desktop/DSD-067/part2/alu16bit.vhd Line: 14
    Info (12022): Found design unit 2: alu16bit-Aralu16bit File: C:/Users/user/Desktop/DSD-067/part2/alu16bit.vhd Line: 87
    Info (12023): Found entity 1: ControlCircuit File: C:/Users/user/Desktop/DSD-067/part2/alu16bit.vhd Line: 5
    Info (12023): Found entity 2: alu16bit File: C:/Users/user/Desktop/DSD-067/part2/alu16bit.vhd Line: 78
Info (12021): Found 19 design units, including 9 entities, in source file components2.vhd
    Info (12022): Found design unit 1: components2 File: C:/Users/user/Desktop/DSD-067/part2/components2.vhd Line: 4
    Info (12022): Found design unit 2: entNotA-arNotA File: C:/Users/user/Desktop/DSD-067/part2/components2.vhd Line: 86
    Info (12022): Found design unit 3: mymux2to1a-Armymux2to1a File: C:/Users/user/Desktop/DSD-067/part2/components2.vhd Line: 104
    Info (12022): Found design unit 4: entNotB-arNotB File: C:/Users/user/Desktop/DSD-067/part2/components2.vhd Line: 123
    Info (12022): Found design unit 5: mymux2to1b-Armymux2to1b File: C:/Users/user/Desktop/DSD-067/part2/components2.vhd Line: 141
    Info (12022): Found design unit 6: AndGate-ArAndGate File: C:/Users/user/Desktop/DSD-067/part2/components2.vhd Line: 160
    Info (12022): Found design unit 7: OrGate-ArOrGate File: C:/Users/user/Desktop/DSD-067/part2/components2.vhd Line: 177
    Info (12022): Found design unit 8: XorGate-ArXorGate File: C:/Users/user/Desktop/DSD-067/part2/components2.vhd Line: 194
    Info (12022): Found design unit 9: FullAdder-ArFullAdder File: C:/Users/user/Desktop/DSD-067/part2/components2.vhd Line: 211
    Info (12022): Found design unit 10: mux4to1-Armux4to1 File: C:/Users/user/Desktop/DSD-067/part2/components2.vhd Line: 230
    Info (12023): Found entity 1: entNotA File: C:/Users/user/Desktop/DSD-067/part2/components2.vhd Line: 79
    Info (12023): Found entity 2: mymux2to1a File: C:/Users/user/Desktop/DSD-067/part2/components2.vhd Line: 96
    Info (12023): Found entity 3: entNotB File: C:/Users/user/Desktop/DSD-067/part2/components2.vhd Line: 116
    Info (12023): Found entity 4: mymux2to1b File: C:/Users/user/Desktop/DSD-067/part2/components2.vhd Line: 133
    Info (12023): Found entity 5: AndGate File: C:/Users/user/Desktop/DSD-067/part2/components2.vhd Line: 153
    Info (12023): Found entity 6: OrGate File: C:/Users/user/Desktop/DSD-067/part2/components2.vhd Line: 170
    Info (12023): Found entity 7: XorGate File: C:/Users/user/Desktop/DSD-067/part2/components2.vhd Line: 187
    Info (12023): Found entity 8: FullAdder File: C:/Users/user/Desktop/DSD-067/part2/components2.vhd Line: 204
    Info (12023): Found entity 9: mux4to1 File: C:/Users/user/Desktop/DSD-067/part2/components2.vhd Line: 222
Info (12021): Found 3 design units, including 1 entities, in source file alu1comp.vhd
    Info (12022): Found design unit 1: alu1comp File: C:/Users/user/Desktop/DSD-067/part2/alu1comp.vhd Line: 4
    Info (12022): Found design unit 2: alu1bit-Aralu1bit File: C:/Users/user/Desktop/DSD-067/part2/alu1comp.vhd Line: 27
    Info (12023): Found entity 1: alu1bit File: C:/Users/user/Desktop/DSD-067/part2/alu1comp.vhd Line: 19
Info (12127): Elaborating entity "alu16bit" for the top level hierarchy
Info (12128): Elaborating entity "ControlCircuit" for hierarchy "ControlCircuit:a1" File: C:/Users/user/Desktop/DSD-067/part2/alu16bit.vhd Line: 103
Info (12128): Elaborating entity "alu1bit" for hierarchy "alu1bit:ALU0" File: C:/Users/user/Desktop/DSD-067/part2/alu16bit.vhd Line: 105
Info (12128): Elaborating entity "entNotA" for hierarchy "alu1bit:ALU0|entNotA:u0" File: C:/Users/user/Desktop/DSD-067/part2/alu1comp.vhd Line: 31
Info (12128): Elaborating entity "mymux2to1a" for hierarchy "alu1bit:ALU0|mymux2to1a:u1" File: C:/Users/user/Desktop/DSD-067/part2/alu1comp.vhd Line: 32
Info (12128): Elaborating entity "entNotB" for hierarchy "alu1bit:ALU0|entNotB:u2" File: C:/Users/user/Desktop/DSD-067/part2/alu1comp.vhd Line: 33
Info (12128): Elaborating entity "mymux2to1b" for hierarchy "alu1bit:ALU0|mymux2to1b:u3" File: C:/Users/user/Desktop/DSD-067/part2/alu1comp.vhd Line: 34
Info (12128): Elaborating entity "AndGate" for hierarchy "alu1bit:ALU0|AndGate:u4" File: C:/Users/user/Desktop/DSD-067/part2/alu1comp.vhd Line: 35
Info (12128): Elaborating entity "OrGate" for hierarchy "alu1bit:ALU0|OrGate:u5" File: C:/Users/user/Desktop/DSD-067/part2/alu1comp.vhd Line: 36
Info (12128): Elaborating entity "FullAdder" for hierarchy "alu1bit:ALU0|FullAdder:u6" File: C:/Users/user/Desktop/DSD-067/part2/alu1comp.vhd Line: 37
Info (12128): Elaborating entity "XorGate" for hierarchy "alu1bit:ALU0|XorGate:u7" File: C:/Users/user/Desktop/DSD-067/part2/alu1comp.vhd Line: 38
Info (12128): Elaborating entity "mux4to1" for hierarchy "alu1bit:ALU0|mux4to1:u8" File: C:/Users/user/Desktop/DSD-067/part2/alu1comp.vhd Line: 39
Info (21057): Implemented 135 device resources after synthesis - the final resource count might be different
    Info (21058): Implemented 35 input pins
    Info (21059): Implemented 17 output pins
    Info (21061): Implemented 83 logic cells
Info: Quartus Prime Analysis & Synthesis was successful. 0 errors, 1 warning
    Info: Peak virtual memory: 4770 megabytes
    Info: Processing ended: Mon May 31 13:34:33 2021
    Info: Elapsed time: 00:00:41
    Info: Total CPU time (on all processors): 00:01:03


